This is pdfTeX, Version 3.141592653-2.6-1.40.24 (MiKTeX 22.10) (preloaded format=pdflatex 2022.10.30)  4 JAN 2023 18:38
entering extended mode
 restricted \write18 enabled.
 %&-line parsing enabled.
**./doc.tex
(doc.tex
LaTeX2e <2022-06-01> patch level 5
L3 programming layer <2022-09-28>
(C:\Users\glber\AppData\Local\Programs\MiKTeX\tex/latex/base\article.cls
Document Class: article 2021/10/04 v1.4n Standard LaTeX document class
(C:\Users\glber\AppData\Local\Programs\MiKTeX\tex/latex/base\size12.clo
File: size12.clo 2021/10/04 v1.4n Standard LaTeX file (size option)
)
\c@part=\count185
\c@section=\count186
\c@subsection=\count187
\c@subsubsection=\count188
\c@paragraph=\count189
\c@subparagraph=\count190
\c@figure=\count191
\c@table=\count192
\abovecaptionskip=\skip47
\belowcaptionskip=\skip48
\bibindent=\dimen138
)
(C:\Users\glber\AppData\Local\Programs\MiKTeX\tex/latex/base\inputenc.sty
Package: inputenc 2021/02/14 v1.3d Input encoding file
\inpenc@prehook=\toks16
\inpenc@posthook=\toks17
)
(C:\Users\glber\AppData\Local\Programs\MiKTeX\tex/latex/base\fontenc.sty
Package: fontenc 2021/04/29 v2.0v Standard LaTeX package
)
(C:\Users\glber\AppData\Local\Programs\MiKTeX\tex/generic/babel\babel.sty
Package: babel 2022/10/04 3.81 The Babel package
\babel@savecnt=\count193
\U@D=\dimen139
\l@unhyphenated=\language79

(C:\Users\glber\AppData\Local\Programs\MiKTeX\tex/generic/babel\txtbabel.def)
\bbl@readstream=\read2
\bbl@dirlevel=\count194

*************************************
* Local config file bblopts.cfg used
*
(C:\Users\glber\AppData\Local\Programs\MiKTeX\tex/latex/arabi\bblopts.cfg
File: bblopts.cfg 2005/09/08 v0.1 add Arabic and Farsi to "declared" options of
 babel
)
(C:\Users\glber\AppData\Local\Programs\MiKTeX\tex/latex/babel-portuges\portugue
se.ldf
Language: portuges 2021/07/09 v1.2t Portuguese support from the babel system
Package babel Info: Making " an active character on input line 143.
))
(C:\Users\glber\AppData\Local\Programs\MiKTeX\tex/generic/babel/locale/pt\babel
-portuguese.tex
Package babel Info: Importing font and identification data for portuguese
(babel)             from babel-pt.ini. Reported on input line 11.
)
(C:\Users\glber\AppData\Local\Programs\MiKTeX\tex/latex/amsmath\amsmath.sty
Package: amsmath 2022/04/08 v2.17n AMS math features
\@mathmargin=\skip49

For additional information on amsmath, use the `?' option.
(C:\Users\glber\AppData\Local\Programs\MiKTeX\tex/latex/amsmath\amstext.sty
Package: amstext 2021/08/26 v2.01 AMS text

(C:\Users\glber\AppData\Local\Programs\MiKTeX\tex/latex/amsmath\amsgen.sty
File: amsgen.sty 1999/11/30 v2.0 generic functions
\@emptytoks=\toks18
\ex@=\dimen140
))
(C:\Users\glber\AppData\Local\Programs\MiKTeX\tex/latex/amsmath\amsbsy.sty
Package: amsbsy 1999/11/29 v1.2d Bold Symbols
\pmbraise@=\dimen141
)
(C:\Users\glber\AppData\Local\Programs\MiKTeX\tex/latex/amsmath\amsopn.sty
Package: amsopn 2022/04/08 v2.04 operator names
)
\inf@bad=\count195
LaTeX Info: Redefining \frac on input line 234.
\uproot@=\count196
\leftroot@=\count197
LaTeX Info: Redefining \overline on input line 399.
LaTeX Info: Redefining \colon on input line 410.
\classnum@=\count198
\DOTSCASE@=\count199
LaTeX Info: Redefining \ldots on input line 496.
LaTeX Info: Redefining \dots on input line 499.
LaTeX Info: Redefining \cdots on input line 620.
\Mathstrutbox@=\box51
\strutbox@=\box52
LaTeX Info: Redefining \big on input line 722.
LaTeX Info: Redefining \Big on input line 723.
LaTeX Info: Redefining \bigg on input line 724.
LaTeX Info: Redefining \Bigg on input line 725.
\big@size=\dimen142
LaTeX Font Info:    Redeclaring font encoding OML on input line 743.
LaTeX Font Info:    Redeclaring font encoding OMS on input line 744.
\macc@depth=\count266
LaTeX Info: Redefining \bmod on input line 905.
LaTeX Info: Redefining \pmod on input line 910.
LaTeX Info: Redefining \smash on input line 940.
LaTeX Info: Redefining \relbar on input line 970.
LaTeX Info: Redefining \Relbar on input line 971.
\c@MaxMatrixCols=\count267
\dotsspace@=\muskip16
\c@parentequation=\count268
\dspbrk@lvl=\count269
\tag@help=\toks19
\row@=\count270
\column@=\count271
\maxfields@=\count272
\andhelp@=\toks20
\eqnshift@=\dimen143
\alignsep@=\dimen144
\tagshift@=\dimen145
\tagwidth@=\dimen146
\totwidth@=\dimen147
\lineht@=\dimen148
\@envbody=\toks21
\multlinegap=\skip50
\multlinetaggap=\skip51
\mathdisplay@stack=\toks22
LaTeX Info: Redefining \[ on input line 2953.
LaTeX Info: Redefining \] on input line 2954.
)
(C:\Users\glber\AppData\Local\Programs\MiKTeX\tex/latex/amsfonts\amsfonts.sty
Package: amsfonts 2013/01/14 v3.01 Basic AMSFonts support
\symAMSa=\mathgroup4
\symAMSb=\mathgroup5
LaTeX Font Info:    Redeclaring math symbol \hbar on input line 98.
LaTeX Font Info:    Overwriting math alphabet `\mathfrak' in version `bold'
(Font)                  U/euf/m/n --> U/euf/b/n on input line 106.
)
(C:\Users\glber\AppData\Local\Programs\MiKTeX\tex/latex/amsfonts\amssymb.sty
Package: amssymb 2013/01/14 v3.01 AMS font symbols
)
(C:\Users\glber\AppData\Local\Programs\MiKTeX\tex/latex/graphics\graphicx.sty
Package: graphicx 2021/09/16 v1.2d Enhanced LaTeX Graphics (DPC,SPQR)

(C:\Users\glber\AppData\Local\Programs\MiKTeX\tex/latex/graphics\keyval.sty
Package: keyval 2022/05/29 v1.15 key=value parser (DPC)
\KV@toks@=\toks23
)
(C:\Users\glber\AppData\Local\Programs\MiKTeX\tex/latex/graphics\graphics.sty
Package: graphics 2022/03/10 v1.4e Standard LaTeX Graphics (DPC,SPQR)

(C:\Users\glber\AppData\Local\Programs\MiKTeX\tex/latex/graphics\trig.sty
Package: trig 2021/08/11 v1.11 sin cos tan (DPC)
)
(C:\Users\glber\AppData\Local\Programs\MiKTeX\tex/latex/graphics-cfg\graphics.c
fg
File: graphics.cfg 2016/06/04 v1.11 sample graphics configuration
)
Package graphics Info: Driver file: pdftex.def on input line 107.

(C:\Users\glber\AppData\Local\Programs\MiKTeX\tex/latex/graphics-def\pdftex.def
File: pdftex.def 2022/09/22 v1.2b Graphics/color driver for pdftex
\stockwidth=\dimen149
\stockheight=\dimen150
))
\Gin@req@height=\dimen151
\Gin@req@width=\dimen152
)
(C:\Users\glber\AppData\Local\Programs\MiKTeX\tex/latex/caption\subcaption.sty
Package: subcaption 2022/01/07 v1.5 Sub-captions (AR)

(C:\Users\glber\AppData\Local\Programs\MiKTeX\tex/latex/caption\caption.sty
Package: caption 2022/03/01 v3.6b Customizing captions (AR)

(C:\Users\glber\AppData\Local\Programs\MiKTeX\tex/latex/caption\caption3.sty
Package: caption3 2022/03/17 v2.3b caption3 kernel (AR)
\caption@tempdima=\dimen153
\captionmargin=\dimen154
\caption@leftmargin=\dimen155
\caption@rightmargin=\dimen156
\caption@width=\dimen157
\caption@indent=\dimen158
\caption@parindent=\dimen159
\caption@hangindent=\dimen160
Package caption Info: Standard document class detected.
)
\c@caption@flags=\count273
\c@continuedfloat=\count274
)
\c@subfigure=\count275
\c@subtable=\count276
) (C:\Users\glber\AppData\Local\Programs\MiKTeX\tex/latex/booktabs\booktabs.sty
Package: booktabs 2020/01/12 v1.61803398 Publication quality tables
\heavyrulewidth=\dimen161
\lightrulewidth=\dimen162
\cmidrulewidth=\dimen163
\belowrulesep=\dimen164
\belowbottomsep=\dimen165
\aboverulesep=\dimen166
\abovetopsep=\dimen167
\cmidrulesep=\dimen168
\cmidrulekern=\dimen169
\defaultaddspace=\dimen170
\@cmidla=\count277
\@cmidlb=\count278
\@aboverulesep=\dimen171
\@belowrulesep=\dimen172
\@thisruleclass=\count279
\@lastruleclass=\count280
\@thisrulewidth=\dimen173
) (C:\Users\glber\AppData\Local\Programs\MiKTeX\tex/latex/hyperref\hyperref.sty
Package: hyperref 2022-09-22 v7.00t Hypertext links for LaTeX

(C:\Users\glber\AppData\Local\Programs\MiKTeX\tex/generic/ltxcmds\ltxcmds.sty
Package: ltxcmds 2020-05-10 v1.25 LaTeX kernel commands for general use (HO)
)
(C:\Users\glber\AppData\Local\Programs\MiKTeX\tex/generic/iftex\iftex.sty
Package: iftex 2022/02/03 v1.0f TeX engine tests
)
(C:\Users\glber\AppData\Local\Programs\MiKTeX\tex/generic/pdftexcmds\pdftexcmds
.sty
Package: pdftexcmds 2020-06-27 v0.33 Utility functions of pdfTeX for LuaTeX (HO
)

(C:\Users\glber\AppData\Local\Programs\MiKTeX\tex/generic/infwarerr\infwarerr.s
ty
Package: infwarerr 2019/12/03 v1.5 Providing info/warning/error messages (HO)
)
Package pdftexcmds Info: \pdf@primitive is available.
Package pdftexcmds Info: \pdf@ifprimitive is available.
Package pdftexcmds Info: \pdfdraftmode found.
)
(C:\Users\glber\AppData\Local\Programs\MiKTeX\tex/latex/kvsetkeys\kvsetkeys.sty
Package: kvsetkeys 2022-10-05 v1.19 Key value parser (HO)
)
(C:\Users\glber\AppData\Local\Programs\MiKTeX\tex/generic/kvdefinekeys\kvdefine
keys.sty
Package: kvdefinekeys 2019-12-19 v1.6 Define keys (HO)
)
(C:\Users\glber\AppData\Local\Programs\MiKTeX\tex/generic/pdfescape\pdfescape.s
ty
Package: pdfescape 2019/12/09 v1.15 Implements pdfTeX's escape features (HO)
) (C:\Users\glber\AppData\Local\Programs\MiKTeX\tex/latex/hycolor\hycolor.sty
Package: hycolor 2020-01-27 v1.10 Color options for hyperref/bookmark (HO)
)
(C:\Users\glber\AppData\Local\Programs\MiKTeX\tex/latex/letltxmacro\letltxmacro
.sty
Package: letltxmacro 2019/12/03 v1.6 Let assignment for LaTeX macros (HO)
)
(C:\Users\glber\AppData\Local\Programs\MiKTeX\tex/latex/auxhook\auxhook.sty
Package: auxhook 2019-12-17 v1.6 Hooks for auxiliary files (HO)
)
(C:\Users\glber\AppData\Local\Programs\MiKTeX\tex/latex/hyperref\nameref.sty
Package: nameref 2022-05-17 v2.50 Cross-referencing by name of section

(C:\Users\glber\AppData\Local\Programs\MiKTeX\tex/latex/refcount\refcount.sty
Package: refcount 2019/12/15 v3.6 Data extraction from label references (HO)
)
(C:\Users\glber\AppData\Local\Programs\MiKTeX\tex/generic/gettitlestring\gettit
lestring.sty
Package: gettitlestring 2019/12/15 v1.6 Cleanup title references (HO)

(C:\Users\glber\AppData\Local\Programs\MiKTeX\tex/latex/kvoptions\kvoptions.sty
Package: kvoptions 2022-06-15 v3.15 Key value format for package options (HO)
))
\c@section@level=\count281
)
\@linkdim=\dimen174
\Hy@linkcounter=\count282
\Hy@pagecounter=\count283
 (C:\Users\glber\AppData\Local\Programs\MiKTeX\tex/latex/hyperref\pd1enc.def
File: pd1enc.def 2022-09-22 v7.00t Hyperref: PDFDocEncoding definition (HO)
Now handling font encoding PD1 ...
... no UTF-8 mapping file for font encoding PD1
) (C:\Users\glber\AppData\Local\Programs\MiKTeX\tex/generic/intcalc\intcalc.sty
Package: intcalc 2019/12/15 v1.3 Expandable calculations with integers (HO)
)
(C:\Users\glber\AppData\Local\Programs\MiKTeX\tex/generic/etexcmds\etexcmds.sty
Package: etexcmds 2019/12/15 v1.7 Avoid name clashes with e-TeX commands (HO)
)
\Hy@SavedSpaceFactor=\count284
 (C:\Users\glber\AppData\Local\Programs\MiKTeX\tex/latex/hyperref\puenc.def
File: puenc.def 2022-09-22 v7.00t Hyperref: PDF Unicode definition (HO)
Now handling font encoding PU ...
... no UTF-8 mapping file for font encoding PU
)
Package hyperref Info: Hyper figures OFF on input line 4162.
Package hyperref Info: Link nesting OFF on input line 4167.
Package hyperref Info: Hyper index ON on input line 4170.
Package hyperref Info: Plain pages OFF on input line 4177.
Package hyperref Info: Backreferencing OFF on input line 4182.
Package hyperref Info: Implicit mode ON; LaTeX internals redefined.
Package hyperref Info: Bookmarks ON on input line 4410.
\c@Hy@tempcnt=\count285

(C:\Users\glber\AppData\Local\Programs\MiKTeX\tex/latex/url\url.sty
\Urlmuskip=\muskip17
Package: url 2013/09/16  ver 3.4  Verb mode for urls, etc.
)
LaTeX Info: Redefining \url on input line 4748.
\XeTeXLinkMargin=\dimen175

(C:\Users\glber\AppData\Local\Programs\MiKTeX\tex/generic/bitset\bitset.sty
Package: bitset 2019/12/09 v1.3 Handle bit-vector datatype (HO)

(C:\Users\glber\AppData\Local\Programs\MiKTeX\tex/generic/bigintcalc\bigintcalc
.sty
Package: bigintcalc 2019/12/15 v1.5 Expandable calculations on big integers (HO
)
))
\Fld@menulength=\count286
\Field@Width=\dimen176
\Fld@charsize=\dimen177
Package hyperref Info: Hyper figures OFF on input line 6027.
Package hyperref Info: Link nesting OFF on input line 6032.
Package hyperref Info: Hyper index ON on input line 6035.
Package hyperref Info: backreferencing OFF on input line 6042.
Package hyperref Info: Link coloring OFF on input line 6047.
Package hyperref Info: Link coloring with OCG OFF on input line 6052.
Package hyperref Info: PDF/A mode OFF on input line 6057.

(C:\Users\glber\AppData\Local\Programs\MiKTeX\tex/latex/base\atbegshi-ltx.sty
Package: atbegshi-ltx 2021/01/10 v1.0c Emulation of the original atbegshi
package with kernel methods
)
\Hy@abspage=\count287
\c@Item=\count288
\c@Hfootnote=\count289
)
Package hyperref Info: Driver (autodetected): hpdftex.
(C:\Users\glber\AppData\Local\Programs\MiKTeX\tex/latex/hyperref\hpdftex.def
File: hpdftex.def 2022-09-22 v7.00t Hyperref driver for pdfTeX

(C:\Users\glber\AppData\Local\Programs\MiKTeX\tex/latex/base\atveryend-ltx.sty
Package: atveryend-ltx 2020/08/19 v1.0a Emulation of the original atveryend pac
kage
with kernel methods
)
\Fld@listcount=\count290
\c@bookmark@seq@number=\count291

(C:\Users\glber\AppData\Local\Programs\MiKTeX\tex/latex/rerunfilecheck\rerunfil
echeck.sty
Package: rerunfilecheck 2022-07-10 v1.10 Rerun checks for auxiliary files (HO)

(C:\Users\glber\AppData\Local\Programs\MiKTeX\tex/generic/uniquecounter\uniquec
ounter.sty
Package: uniquecounter 2019/12/15 v1.4 Provide unlimited unique counter (HO)
)
Package uniquecounter Info: New unique counter `rerunfilecheck' on input line 2
85.
)
\Hy@SectionHShift=\skip52
)
(C:\Users\glber\AppData\Local\Programs\MiKTeX\tex/latex/geometry\geometry.sty
Package: geometry 2020/01/02 v5.9 Page Geometry

(C:\Users\glber\AppData\Local\Programs\MiKTeX\tex/generic/iftex\ifvtex.sty
Package: ifvtex 2019/10/25 v1.7 ifvtex legacy package. Use iftex instead.
)
\Gm@cnth=\count292
\Gm@cntv=\count293
\c@Gm@tempcnt=\count294
\Gm@bindingoffset=\dimen178
\Gm@wd@mp=\dimen179
\Gm@odd@mp=\dimen180
\Gm@even@mp=\dimen181
\Gm@layoutwidth=\dimen182
\Gm@layoutheight=\dimen183
\Gm@layouthoffset=\dimen184
\Gm@layoutvoffset=\dimen185
\Gm@dimlist=\toks24

(C:\Users\glber\AppData\Local\Programs\MiKTeX\tex/latex/geometry\geometry.cfg))

(C:\Users\glber\AppData\Local\Programs\MiKTeX\tex/latex/l3backend\l3backend-pdf
tex.def
File: l3backend-pdftex.def 2022-09-28 L3 backend support: PDF output (pdfTeX)
\l__color_backend_stack_int=\count295
\l__pdf_internal_box=\box53
) (doc.aux)
\openout1 = `doc.aux'.

LaTeX Font Info:    Checking defaults for OML/cmm/m/it on input line 16.
LaTeX Font Info:    ... okay on input line 16.
LaTeX Font Info:    Checking defaults for OMS/cmsy/m/n on input line 16.
LaTeX Font Info:    ... okay on input line 16.
LaTeX Font Info:    Checking defaults for OT1/cmr/m/n on input line 16.
LaTeX Font Info:    ... okay on input line 16.
LaTeX Font Info:    Checking defaults for T1/cmr/m/n on input line 16.
LaTeX Font Info:    ... okay on input line 16.
LaTeX Font Info:    Checking defaults for TS1/cmr/m/n on input line 16.
LaTeX Font Info:    ... okay on input line 16.
LaTeX Font Info:    Checking defaults for OMX/cmex/m/n on input line 16.
LaTeX Font Info:    ... okay on input line 16.
LaTeX Font Info:    Checking defaults for U/cmr/m/n on input line 16.
LaTeX Font Info:    ... okay on input line 16.
LaTeX Font Info:    Checking defaults for PD1/pdf/m/n on input line 16.
LaTeX Font Info:    ... okay on input line 16.
LaTeX Font Info:    Checking defaults for PU/pdf/m/n on input line 16.
LaTeX Font Info:    ... okay on input line 16.

(C:\Users\glber\AppData\Local\Programs\MiKTeX\tex/context/base/mkii\supp-pdf.mk
ii
[Loading MPS to PDF converter (version 2006.09.02).]
\scratchcounter=\count296
\scratchdimen=\dimen186
\scratchbox=\box54
\nofMPsegments=\count297
\nofMParguments=\count298
\everyMPshowfont=\toks25
\MPscratchCnt=\count299
\MPscratchDim=\dimen187
\MPnumerator=\count300
\makeMPintoPDFobject=\count301
\everyMPtoPDFconversion=\toks26
)
(C:\Users\glber\AppData\Local\Programs\MiKTeX\tex/latex/epstopdf-pkg\epstopdf-b
ase.sty
Package: epstopdf-base 2020-01-24 v2.11 Base part for package epstopdf
Package epstopdf-base Info: Redefining graphics rule for `.eps' on input line 4
85.

(C:\Users\glber\AppData\Local\Programs\MiKTeX\tex/latex/00miktex\epstopdf-sys.c
fg
File: epstopdf-sys.cfg 2021/03/18 v2.0 Configuration of epstopdf for MiKTeX
))
Package caption Info: Begin \AtBeginDocument code.
Package caption Info: hyperref package is loaded.
Package caption Info: End \AtBeginDocument code.
Package hyperref Info: Link coloring OFF on input line 16.
 (doc.out) (doc.out)
\@outlinefile=\write3
\openout3 = `doc.out'.


*geometry* driver: auto-detecting
*geometry* detected driver: pdftex
*geometry* verbose mode - [ preamble ] result:
* driver: pdftex
* paper: a4paper
* layout: <same size as paper>
* layoutoffset:(h,v)=(0.0pt,0.0pt)
* modes: 
* h-part:(L,W,R)=(28.45274pt, 540.60239pt, 28.45274pt)
* v-part:(T,H,B)=(56.9055pt, 731.23584pt, 56.9055pt)
* \paperwidth=597.50787pt
* \paperheight=845.04684pt
* \textwidth=540.60239pt
* \textheight=731.23584pt
* \oddsidemargin=-43.81725pt
* \evensidemargin=-43.81725pt
* \topmargin=-52.36449pt
* \headheight=12.0pt
* \headsep=25.0pt
* \topskip=12.0pt
* \footskip=30.0pt
* \marginparwidth=35.0pt
* \marginparsep=10.0pt
* \columnsep=10.0pt
* \skip\footins=10.8pt plus 4.0pt minus 2.0pt
* \hoffset=0.0pt
* \voffset=0.0pt
* \mag=1000
* \@twocolumnfalse
* \@twosidefalse
* \@mparswitchfalse
* \@reversemarginfalse
* (1in=72.27pt=25.4mm, 1cm=28.453pt)

LaTeX Font Info:    Trying to load font information for U+msa on input line 18.

(C:\Users\glber\AppData\Local\Programs\MiKTeX\tex/latex/amsfonts\umsa.fd
File: umsa.fd 2013/01/14 v3.01 AMS symbols A
)
LaTeX Font Info:    Trying to load font information for U+msb on input line 18.


(C:\Users\glber\AppData\Local\Programs\MiKTeX\tex/latex/amsfonts\umsb.fd
File: umsb.fd 2013/01/14 v3.01 AMS symbols B
)

LaTeX Warning: No \author given.

<./fig/trajectoryA.png, id=60, 551.661pt x 321.1197pt>
File: ./fig/trajectoryA.png Graphic file (type png)
<use ./fig/trajectoryA.png>
Package pdftex.def Info: ./fig/trajectoryA.png  used on input line 37.
(pdftex.def)             Requested size: 324.36473pt x 188.8122pt.
[1

{C:/Users/glber/AppData/Local/MiKTeX/fonts/map/pdftex/pdftex.map}]
<./fig/trajectoryB.png, id=82, 551.661pt x 321.1197pt>
File: ./fig/trajectoryB.png Graphic file (type png)
<use ./fig/trajectoryB.png>
Package pdftex.def Info: ./fig/trajectoryB.png  used on input line 64.
(pdftex.def)             Requested size: 259.48683pt x 151.04387pt.
<./fig/trajectoryE.png, id=83, 551.661pt x 310.2792pt>
File: ./fig/trajectoryE.png Graphic file (type png)
<use ./fig/trajectoryE.png>
Package pdftex.def Info: ./fig/trajectoryE.png  used on input line 69.
(pdftex.def)             Requested size: 259.48683pt x 145.94487pt.
<./fig/trajectoryD.png, id=84, 551.661pt x 310.2792pt>
File: ./fig/trajectoryD.png Graphic file (type png)
<use ./fig/trajectoryD.png>
Package pdftex.def Info: ./fig/trajectoryD.png  used on input line 74.
(pdftex.def)             Requested size: 259.48683pt x 145.94487pt.
<./fig/trajectoryC.png, id=85, 551.661pt x 321.1197pt>
File: ./fig/trajectoryC.png Graphic file (type png)
<use ./fig/trajectoryC.png>
Package pdftex.def Info: ./fig/trajectoryC.png  used on input line 79.
(pdftex.def)             Requested size: 259.48683pt x 151.04387pt.
<./fig/trajectoryF.png, id=86, 584.9052pt x 310.2792pt>
File: ./fig/trajectoryF.png Graphic file (type png)
<use ./fig/trajectoryF.png>
Package pdftex.def Info: ./fig/trajectoryF.png  used on input line 84.
(pdftex.def)             Requested size: 259.48683pt x 137.6548pt.
 [2 <./fig/trajectoryA.png>] [3 <./fig/trajectoryB.png> <./fig/trajectoryE.png>
 <./fig/trajectoryD.png> <./fig/trajectoryC.png> <./fig/trajectoryF.png>] [4] [
5]
<./fig/electronics.png, id=156, 526.96875pt x 401.0985pt>
File: ./fig/electronics.png Graphic file (type png)
<use ./fig/electronics.png>
Package pdftex.def Info: ./fig/electronics.png  used on input line 189.
(pdftex.def)             Requested size: 324.36473pt x 246.89749pt.
LaTeX Font Info:    Trying to load font information for T1+cmtt on input line 1
99.

(C:\Users\glber\AppData\Local\Programs\MiKTeX\tex/latex/base\t1cmtt.fd
File: t1cmtt.fd 2019/12/16 v2.5j Standard LaTeX font definitions
)
[6 <./fig/electronics.png>]
<./fig/RecoverySystem.png, id=175, 743.77875pt x 405.515pt>
File: ./fig/RecoverySystem.png Graphic file (type png)
<use ./fig/RecoverySystem.png>
Package pdftex.def Info: ./fig/RecoverySystem.png  used on input line 227.
(pdftex.def)             Requested size: 535.19933pt x 291.8035pt.
<./fig/FSM.png, id=178, 540.5796pt x 519.6213pt>
File: ./fig/FSM.png Graphic file (type png)
<use ./fig/FSM.png>
Package pdftex.def Info: ./fig/FSM.png  used on input line 246.
(pdftex.def)             Requested size: 432.48355pt x 415.72139pt.
 [7] [8 <./fig/RecoverySystem.png>]
Underfull \hbox (badness 10000) in paragraph at lines 279--279
[]\T1/cmr/m/n/10.95 rRocket
 []


Underfull \hbox (badness 10000) in paragraph at lines 288--289
[]\T1/cmr/m/n/10.95 Altura para dis-pa-rar o pa-ra-que-das prin-ci-pal
 []

[9 <./fig/FSM.png>] [10] [11] [12] [13] [14] [15]
<./fig/instumentation.png, id=309, 2443.1275pt x 2315.65125pt>
File: ./fig/instumentation.png Graphic file (type png)
<use ./fig/instumentation.png>
Package pdftex.def Info: ./fig/instumentation.png  used on input line 544.
(pdftex.def)             Requested size: 432.48355pt x 409.90912pt.
 [16] [17 <./fig/instumentation.png>] (doc.bbl) [18]
<./data/cases/case01/trajectory.pdf, id=344, 361.35pt x 216.81pt>
File: ./data/cases/case01/trajectory.pdf Graphic file (type pdf)
<use ./data/cases/case01/trajectory.pdf>
Package pdftex.def Info: ./data/cases/case01/trajectory.pdf  used on input line
 592.
(pdftex.def)             Requested size: 540.60239pt x 324.39374pt.
<./data/cases/case02/trajectory.pdf, id=345, 361.35pt x 216.81pt>
File: ./data/cases/case02/trajectory.pdf Graphic file (type pdf)
<use ./data/cases/case02/trajectory.pdf>
Package pdftex.def Info: ./data/cases/case02/trajectory.pdf  used on input line
 598.
(pdftex.def)             Requested size: 540.60239pt x 324.39374pt.
<./data/cases/case03/trajectory.pdf, id=346, 361.35pt x 216.81pt>
File: ./data/cases/case03/trajectory.pdf Graphic file (type pdf)
<use ./data/cases/case03/trajectory.pdf>
Package pdftex.def Info: ./data/cases/case03/trajectory.pdf  used on input line
 604.
(pdftex.def)             Requested size: 540.60239pt x 324.39374pt.
<./data/cases/case04/trajectory.pdf, id=347, 361.35pt x 216.81pt>
File: ./data/cases/case04/trajectory.pdf Graphic file (type pdf)
<use ./data/cases/case04/trajectory.pdf>
Package pdftex.def Info: ./data/cases/case04/trajectory.pdf  used on input line
 610.
(pdftex.def)             Requested size: 540.60239pt x 324.39374pt.
<./data/cases/case05/trajectory.pdf, id=348, 361.35pt x 216.81pt>
File: ./data/cases/case05/trajectory.pdf Graphic file (type pdf)
<use ./data/cases/case05/trajectory.pdf>
Package pdftex.def Info: ./data/cases/case05/trajectory.pdf  used on input line
 616.
(pdftex.def)             Requested size: 540.60239pt x 324.39374pt.
<./data/cases/case06/trajectory.pdf, id=349, 361.35pt x 216.81pt>
File: ./data/cases/case06/trajectory.pdf Graphic file (type pdf)
<use ./data/cases/case06/trajectory.pdf>
Package pdftex.def Info: ./data/cases/case06/trajectory.pdf  used on input line
 622.
(pdftex.def)             Requested size: 540.60239pt x 324.39374pt.
<./data/cases/case07/trajectory.pdf, id=350, 361.35pt x 216.81pt>
File: ./data/cases/case07/trajectory.pdf Graphic file (type pdf)
<use ./data/cases/case07/trajectory.pdf>
Package pdftex.def Info: ./data/cases/case07/trajectory.pdf  used on input line
 629.
(pdftex.def)             Requested size: 540.60239pt x 324.39374pt.
<./data/cases/case08/trajectory.pdf, id=351, 361.35pt x 216.81pt>
File: ./data/cases/case08/trajectory.pdf Graphic file (type pdf)
<use ./data/cases/case08/trajectory.pdf>
Package pdftex.def Info: ./data/cases/case08/trajectory.pdf  used on input line
 635.
(pdftex.def)             Requested size: 540.60239pt x 324.39374pt.
<./data/cases/case09/trajectory.pdf, id=352, 361.35pt x 216.81pt>
File: ./data/cases/case09/trajectory.pdf Graphic file (type pdf)
<use ./data/cases/case09/trajectory.pdf>
Package pdftex.def Info: ./data/cases/case09/trajectory.pdf  used on input line
 640.
(pdftex.def)             Requested size: 540.60239pt x 324.39374pt.
<./data/cases/case10/trajectory.pdf, id=353, 361.35pt x 216.81pt>
File: ./data/cases/case10/trajectory.pdf Graphic file (type pdf)
<use ./data/cases/case10/trajectory.pdf>
Package pdftex.def Info: ./data/cases/case10/trajectory.pdf  used on input line
 646.
(pdftex.def)             Requested size: 540.60239pt x 324.39374pt.
<./data/cases/case11/trajectory.pdf, id=354, 361.35pt x 216.81pt>
File: ./data/cases/case11/trajectory.pdf Graphic file (type pdf)
<use ./data/cases/case11/trajectory.pdf>
Package pdftex.def Info: ./data/cases/case11/trajectory.pdf  used on input line
 652.
(pdftex.def)             Requested size: 540.60239pt x 324.39374pt.
<./data/cases/case12/trajectory.pdf, id=355, 361.35pt x 216.81pt>
File: ./data/cases/case12/trajectory.pdf Graphic file (type pdf)
<use ./data/cases/case12/trajectory.pdf>
Package pdftex.def Info: ./data/cases/case12/trajectory.pdf  used on input line
 658.
(pdftex.def)             Requested size: 540.60239pt x 324.39374pt.
<./data/cases/case13/trajectory.pdf, id=356, 361.35pt x 216.81pt>
File: ./data/cases/case13/trajectory.pdf Graphic file (type pdf)
<use ./data/cases/case13/trajectory.pdf>
Package pdftex.def Info: ./data/cases/case13/trajectory.pdf  used on input line
 664.
(pdftex.def)             Requested size: 540.60239pt x 324.39374pt.
<./data/cases/case14/trajectory.pdf, id=357, 361.35pt x 216.81pt>
File: ./data/cases/case14/trajectory.pdf Graphic file (type pdf)
<use ./data/cases/case14/trajectory.pdf>
Package pdftex.def Info: ./data/cases/case14/trajectory.pdf  used on input line
 670.
(pdftex.def)             Requested size: 540.60239pt x 324.39374pt.


pdfTeX warning: pdflatex.exe (file ./data/lacamentos-def-criterios/lancamento01
/trajectory.pdf): PDF inclusion: found PDF version <1.7>, but at most version <
1.5> allowed
<./data/lacamentos-def-criterios/lancamento01/trajectory.pdf, id=358, 361.35pt 
x 216.81pt>
File: ./data/lacamentos-def-criterios/lancamento01/trajectory.pdf Graphic file 
(type pdf)
<use ./data/lacamentos-def-criterios/lancamento01/trajectory.pdf>
Package pdftex.def Info: ./data/lacamentos-def-criterios/lancamento01/trajector
y.pdf  used on input line 679.
(pdftex.def)             Requested size: 540.60239pt x 324.39374pt.


pdfTeX warning: pdflatex.exe (file ./data/lacamentos-def-criterios/lancamento02
/trajectory.pdf): PDF inclusion: found PDF version <1.7>, but at most version <
1.5> allowed
<./data/lacamentos-def-criterios/lancamento02/trajectory.pdf, id=359, 361.35pt 
x 216.81pt>
File: ./data/lacamentos-def-criterios/lancamento02/trajectory.pdf Graphic file 
(type pdf)
<use ./data/lacamentos-def-criterios/lancamento02/trajectory.pdf>
Package pdftex.def Info: ./data/lacamentos-def-criterios/lancamento02/trajector
y.pdf  used on input line 685.
(pdftex.def)             Requested size: 540.60239pt x 324.39374pt.


pdfTeX warning: pdflatex.exe (file ./data/lacamentos-def-criterios/lancamento03
/trajectory.pdf): PDF inclusion: found PDF version <1.7>, but at most version <
1.5> allowed
<./data/lacamentos-def-criterios/lancamento03/trajectory.pdf, id=360, 361.35pt 
x 216.81pt>
File: ./data/lacamentos-def-criterios/lancamento03/trajectory.pdf Graphic file 
(type pdf)
<use ./data/lacamentos-def-criterios/lancamento03/trajectory.pdf>
Package pdftex.def Info: ./data/lacamentos-def-criterios/lancamento03/trajector
y.pdf  used on input line 691.
(pdftex.def)             Requested size: 540.60239pt x 324.39374pt.


pdfTeX warning: pdflatex.exe (file ./data/lacamentos-def-criterios/lancamento04
/trajectory.pdf): PDF inclusion: found PDF version <1.7>, but at most version <
1.5> allowed
<./data/lacamentos-def-criterios/lancamento04/trajectory.pdf, id=361, 361.35pt 
x 216.81pt>
File: ./data/lacamentos-def-criterios/lancamento04/trajectory.pdf Graphic file 
(type pdf)
<use ./data/lacamentos-def-criterios/lancamento04/trajectory.pdf>
Package pdftex.def Info: ./data/lacamentos-def-criterios/lancamento04/trajector
y.pdf  used on input line 697.
(pdftex.def)             Requested size: 540.60239pt x 324.39374pt.


pdfTeX warning: pdflatex.exe (file ./data/lacamentos-def-criterios/lancamento05
/trajectory.pdf): PDF inclusion: found PDF version <1.7>, but at most version <
1.5> allowed
<./data/lacamentos-def-criterios/lancamento05/trajectory.pdf, id=362, 361.35pt 
x 216.81pt>
File: ./data/lacamentos-def-criterios/lancamento05/trajectory.pdf Graphic file 
(type pdf)
<use ./data/lacamentos-def-criterios/lancamento05/trajectory.pdf>
Package pdftex.def Info: ./data/lacamentos-def-criterios/lancamento05/trajector
y.pdf  used on input line 703.
(pdftex.def)             Requested size: 540.60239pt x 324.39374pt.


pdfTeX warning: pdflatex.exe (file ./data/lacamentos-def-criterios/lancamento06
/trajectory.pdf): PDF inclusion: found PDF version <1.7>, but at most version <
1.5> allowed
<./data/lacamentos-def-criterios/lancamento06/trajectory.pdf, id=363, 361.35pt 
x 216.81pt>
File: ./data/lacamentos-def-criterios/lancamento06/trajectory.pdf Graphic file 
(type pdf)
<use ./data/lacamentos-def-criterios/lancamento06/trajectory.pdf>
Package pdftex.def Info: ./data/lacamentos-def-criterios/lancamento06/trajector
y.pdf  used on input line 709.
(pdftex.def)             Requested size: 540.60239pt x 324.39374pt.


pdfTeX warning: pdflatex.exe (file ./data/lacamentos-def-criterios/lancamento07
/speedForLiftoffDetection30/trajectory.pdf): PDF inclusion: found PDF version <
1.7>, but at most version <1.5> allowed
<./data/lacamentos-def-criterios/lancamento07/speedForLiftoffDetection30/trajec
tory.pdf, id=364, 361.35pt x 216.81pt>
File: ./data/lacamentos-def-criterios/lancamento07/speedForLiftoffDetection30/t
rajectory.pdf Graphic file (type pdf)
<use ./data/lacamentos-def-criterios/lancamento07/speedForLiftoffDetection30/tr
ajectory.pdf>
Package pdftex.def Info: ./data/lacamentos-def-criterios/lancamento07/speedForL
iftoffDetection30/trajectory.pdf  used on input line 715.
(pdftex.def)             Requested size: 540.60239pt x 324.39374pt.


pdfTeX warning: pdflatex.exe (file ./data/lacamentos-def-criterios/lancamento07
/speedForLiftoffDetection15/trajectory.pdf): PDF inclusion: found PDF version <
1.7>, but at most version <1.5> allowed
<./data/lacamentos-def-criterios/lancamento07/speedForLiftoffDetection15/trajec
tory.pdf, id=365, 361.35pt x 216.81pt>
File: ./data/lacamentos-def-criterios/lancamento07/speedForLiftoffDetection15/t
rajectory.pdf Graphic file (type pdf)
<use ./data/lacamentos-def-criterios/lancamento07/speedForLiftoffDetection15/tr
ajectory.pdf>
Package pdftex.def Info: ./data/lacamentos-def-criterios/lancamento07/speedForL
iftoffDetection15/trajectory.pdf  used on input line 721.
(pdftex.def)             Requested size: 540.60239pt x 324.39374pt.


pdfTeX warning: pdflatex.exe (file ./data/simulations-v1.5.5/sim01/fig.pdf): PD
F inclusion: found PDF version <1.7>, but at most version <1.5> allowed
<./data/simulations-v1.5.5/sim01/fig.pdf, id=366, 361.35pt x 216.81pt>
File: ./data/simulations-v1.5.5/sim01/fig.pdf Graphic file (type pdf)
<use ./data/simulations-v1.5.5/sim01/fig.pdf>
Package pdftex.def Info: ./data/simulations-v1.5.5/sim01/fig.pdf  used on input
 line 731.
(pdftex.def)             Requested size: 540.60239pt x 324.39374pt.


pdfTeX warning: pdflatex.exe (file ./data/simulations-v1.5.5/sim02/fig.pdf): PD
F inclusion: found PDF version <1.7>, but at most version <1.5> allowed
<./data/simulations-v1.5.5/sim02/fig.pdf, id=367, 361.35pt x 216.81pt>
File: ./data/simulations-v1.5.5/sim02/fig.pdf Graphic file (type pdf)
<use ./data/simulations-v1.5.5/sim02/fig.pdf>
Package pdftex.def Info: ./data/simulations-v1.5.5/sim02/fig.pdf  used on input
 line 737.
(pdftex.def)             Requested size: 540.60239pt x 324.39374pt.


pdfTeX warning: pdflatex.exe (file ./data/simulations-v1.5.5/sim03/fig.pdf): PD
F inclusion: found PDF version <1.7>, but at most version <1.5> allowed
<./data/simulations-v1.5.5/sim03/fig.pdf, id=368, 361.35pt x 216.81pt>
File: ./data/simulations-v1.5.5/sim03/fig.pdf Graphic file (type pdf)
<use ./data/simulations-v1.5.5/sim03/fig.pdf>
Package pdftex.def Info: ./data/simulations-v1.5.5/sim03/fig.pdf  used on input
 line 743.
(pdftex.def)             Requested size: 540.60239pt x 324.39374pt.


pdfTeX warning: pdflatex.exe (file ./data/simulations-v1.5.5/sim04/fig.pdf): PD
F inclusion: found PDF version <1.7>, but at most version <1.5> allowed
<./data/simulations-v1.5.5/sim04/fig.pdf, id=369, 361.35pt x 216.81pt>
File: ./data/simulations-v1.5.5/sim04/fig.pdf Graphic file (type pdf)
<use ./data/simulations-v1.5.5/sim04/fig.pdf>
Package pdftex.def Info: ./data/simulations-v1.5.5/sim04/fig.pdf  used on input
 line 749.
(pdftex.def)             Requested size: 540.60239pt x 324.39374pt.


pdfTeX warning: pdflatex.exe (file ./data/simulations-v1.5.5/sim05/fig.pdf): PD
F inclusion: found PDF version <1.7>, but at most version <1.5> allowed
<./data/simulations-v1.5.5/sim05/fig.pdf, id=370, 361.35pt x 216.81pt>
File: ./data/simulations-v1.5.5/sim05/fig.pdf Graphic file (type pdf)
<use ./data/simulations-v1.5.5/sim05/fig.pdf>
Package pdftex.def Info: ./data/simulations-v1.5.5/sim05/fig.pdf  used on input
 line 756.
(pdftex.def)             Requested size: 540.60239pt x 324.39374pt.


pdfTeX warning: pdflatex.exe (file ./data/simulations-v1.5.5/sim06/fig.pdf): PD
F inclusion: found PDF version <1.7>, but at most version <1.5> allowed
<./data/simulations-v1.5.5/sim06/fig.pdf, id=371, 361.35pt x 216.81pt>
File: ./data/simulations-v1.5.5/sim06/fig.pdf Graphic file (type pdf)
<use ./data/simulations-v1.5.5/sim06/fig.pdf>
Package pdftex.def Info: ./data/simulations-v1.5.5/sim06/fig.pdf  used on input
 line 762.
(pdftex.def)             Requested size: 540.60239pt x 324.39374pt.


pdfTeX warning: pdflatex.exe (file ./data/simulations-v1.5.5/sim07/fig.pdf): PD
F inclusion: found PDF version <1.7>, but at most version <1.5> allowed
<./data/simulations-v1.5.5/sim07/fig.pdf, id=372, 361.35pt x 216.81pt>
File: ./data/simulations-v1.5.5/sim07/fig.pdf Graphic file (type pdf)
<use ./data/simulations-v1.5.5/sim07/fig.pdf>
Package pdftex.def Info: ./data/simulations-v1.5.5/sim07/fig.pdf  used on input
 line 768.
(pdftex.def)             Requested size: 540.60239pt x 324.39374pt.


pdfTeX warning: pdflatex.exe (file ./data/simulations-v1.5.5/sim08/fig.pdf): PD
F inclusion: found PDF version <1.7>, but at most version <1.5> allowed
<./data/simulations-v1.5.5/sim08/fig.pdf, id=373, 361.35pt x 216.81pt>
File: ./data/simulations-v1.5.5/sim08/fig.pdf Graphic file (type pdf)
<use ./data/simulations-v1.5.5/sim08/fig.pdf>
Package pdftex.def Info: ./data/simulations-v1.5.5/sim08/fig.pdf  used on input
 line 774.
(pdftex.def)             Requested size: 540.60239pt x 324.39374pt.


pdfTeX warning: pdflatex.exe (file ./data/simulations-v1.5.5/sim09/fig.pdf): PD
F inclusion: found PDF version <1.7>, but at most version <1.5> allowed
<./data/simulations-v1.5.5/sim09/fig.pdf, id=374, 361.35pt x 216.81pt>
File: ./data/simulations-v1.5.5/sim09/fig.pdf Graphic file (type pdf)
<use ./data/simulations-v1.5.5/sim09/fig.pdf>
Package pdftex.def Info: ./data/simulations-v1.5.5/sim09/fig.pdf  used on input
 line 780.
(pdftex.def)             Requested size: 540.60239pt x 324.39374pt.


pdfTeX warning: pdflatex.exe (file ./data/exp-v1.5.5/exp01/fig.pdf): PDF inclus
ion: found PDF version <1.7>, but at most version <1.5> allowed
<./data/exp-v1.5.5/exp01/fig.pdf, id=375, 361.35pt x 216.81pt>
File: ./data/exp-v1.5.5/exp01/fig.pdf Graphic file (type pdf)
<use ./data/exp-v1.5.5/exp01/fig.pdf>
Package pdftex.def Info: ./data/exp-v1.5.5/exp01/fig.pdf  used on input line 78
7.
(pdftex.def)             Requested size: 540.60239pt x 324.39374pt.


pdfTeX warning: pdflatex.exe (file ./data/exp-v1.5.5/exp02/fig.pdf): PDF inclus
ion: found PDF version <1.7>, but at most version <1.5> allowed
<./data/exp-v1.5.5/exp02/fig.pdf, id=376, 361.35pt x 216.81pt>
File: ./data/exp-v1.5.5/exp02/fig.pdf Graphic file (type pdf)
<use ./data/exp-v1.5.5/exp02/fig.pdf>
Package pdftex.def Info: ./data/exp-v1.5.5/exp02/fig.pdf  used on input line 79
3.
(pdftex.def)             Requested size: 540.60239pt x 324.39374pt.


pdfTeX warning: pdflatex.exe (file ./data/exp-v1.5.5/exp03/fig.pdf): PDF inclus
ion: found PDF version <1.7>, but at most version <1.5> allowed
<./data/exp-v1.5.5/exp03/fig.pdf, id=377, 361.35pt x 216.81pt>
File: ./data/exp-v1.5.5/exp03/fig.pdf Graphic file (type pdf)
<use ./data/exp-v1.5.5/exp03/fig.pdf>
Package pdftex.def Info: ./data/exp-v1.5.5/exp03/fig.pdf  used on input line 79
9.
(pdftex.def)             Requested size: 540.60239pt x 324.39374pt.


pdfTeX warning: pdflatex.exe (file ./data/exp-v1.5.5/exp04/fig.pdf): PDF inclus
ion: found PDF version <1.7>, but at most version <1.5> allowed
<./data/exp-v1.5.5/exp04/fig.pdf, id=378, 361.35pt x 216.81pt>
File: ./data/exp-v1.5.5/exp04/fig.pdf Graphic file (type pdf)
<use ./data/exp-v1.5.5/exp04/fig.pdf>
Package pdftex.def Info: ./data/exp-v1.5.5/exp04/fig.pdf  used on input line 80
5.
(pdftex.def)             Requested size: 540.60239pt x 324.39374pt.


pdfTeX warning: pdflatex.exe (file ./data/exp-v1.5.5/exp05/fig.pdf): PDF inclus
ion: found PDF version <1.7>, but at most version <1.5> allowed
<./data/exp-v1.5.5/exp05/fig.pdf, id=379, 361.35pt x 216.81pt>
File: ./data/exp-v1.5.5/exp05/fig.pdf Graphic file (type pdf)
<use ./data/exp-v1.5.5/exp05/fig.pdf>
Package pdftex.def Info: ./data/exp-v1.5.5/exp05/fig.pdf  used on input line 81
1.
(pdftex.def)             Requested size: 540.60239pt x 324.39374pt.


pdfTeX warning: pdflatex.exe (file ./data/exp-v1.5.5/exp06/fig.pdf): PDF inclus
ion: found PDF version <1.7>, but at most version <1.5> allowed
<./data/exp-v1.5.5/exp06/fig.pdf, id=380, 361.35pt x 216.81pt>
File: ./data/exp-v1.5.5/exp06/fig.pdf Graphic file (type pdf)
<use ./data/exp-v1.5.5/exp06/fig.pdf>
Package pdftex.def Info: ./data/exp-v1.5.5/exp06/fig.pdf  used on input line 81
7.
(pdftex.def)             Requested size: 540.60239pt x 324.39374pt.


pdfTeX warning: pdflatex.exe (file ./data/exp-v1.5.5/exp07/fig.pdf): PDF inclus
ion: found PDF version <1.7>, but at most version <1.5> allowed
<./data/exp-v1.5.5/exp07/fig.pdf, id=381, 361.35pt x 216.81pt>
File: ./data/exp-v1.5.5/exp07/fig.pdf Graphic file (type pdf)
<use ./data/exp-v1.5.5/exp07/fig.pdf>
Package pdftex.def Info: ./data/exp-v1.5.5/exp07/fig.pdf  used on input line 82
3.
(pdftex.def)             Requested size: 540.60239pt x 324.39374pt.
[19 <./data/cases/case01/trajectory.pdf>]

LaTeX Warning: Text page 20 contains only floats.


Overfull \vbox (2.5516pt too high) has occurred while \output is active []


[20 <./data/cases/case02/trajectory.pdf> <./data/cases/case03/trajectory.pdf

pdfTeX warning: pdflatex.exe (file ./data/cases/case03/trajectory.pdf): PDF inc
lusion: multiple pdfs with page group included in a single page
>]

LaTeX Warning: Text page 21 contains only floats.


Overfull \vbox (2.5516pt too high) has occurred while \output is active []


[21 <./data/cases/case04/trajectory.pdf> <./data/cases/case05/trajectory.pdf

pdfTeX warning: pdflatex.exe (file ./data/cases/case05/trajectory.pdf): PDF inc
lusion: multiple pdfs with page group included in a single page
>]

LaTeX Warning: Text page 22 contains only floats.


Overfull \vbox (2.5516pt too high) has occurred while \output is active []


[22 <./data/cases/case06/trajectory.pdf> <./data/cases/case07/trajectory.pdf

pdfTeX warning: pdflatex.exe (file ./data/cases/case07/trajectory.pdf): PDF inc
lusion: multiple pdfs with page group included in a single page
>]

LaTeX Warning: Text page 23 contains only floats.


Overfull \vbox (2.5516pt too high) has occurred while \output is active []


[23 <./data/cases/case08/trajectory.pdf> <./data/cases/case09/trajectory.pdf

pdfTeX warning: pdflatex.exe (file ./data/cases/case09/trajectory.pdf): PDF inc
lusion: multiple pdfs with page group included in a single page
>]

LaTeX Warning: Text page 24 contains only floats.


Overfull \vbox (2.5516pt too high) has occurred while \output is active []


[24 <./data/cases/case10/trajectory.pdf> <./data/cases/case11/trajectory.pdf

pdfTeX warning: pdflatex.exe (file ./data/cases/case11/trajectory.pdf): PDF inc
lusion: multiple pdfs with page group included in a single page
>]

LaTeX Warning: Text page 25 contains only floats.


Overfull \vbox (2.5516pt too high) has occurred while \output is active []


[25 <./data/cases/case12/trajectory.pdf> <./data/cases/case13/trajectory.pdf

pdfTeX warning: pdflatex.exe (file ./data/cases/case13/trajectory.pdf): PDF inc
lusion: multiple pdfs with page group included in a single page
>]

LaTeX Warning: Text page 26 contains only floats.


Overfull \vbox (2.5516pt too high) has occurred while \output is active []


[26 <./data/cases/case14/trajectory.pdf> <./data/lacamentos-def-criterios/lanca
mento01/trajectory.pdf

pdfTeX warning: pdflatex.exe (file ./data/lacamentos-def-criterios/lancamento01
/trajectory.pdf): PDF inclusion: multiple pdfs with page group included in a si
ngle page
>]

LaTeX Warning: Text page 27 contains only floats.


Overfull \vbox (2.5516pt too high) has occurred while \output is active []


[27 <./data/lacamentos-def-criterios/lancamento02/trajectory.pdf> <./data/lacam
entos-def-criterios/lancamento03/trajectory.pdf

pdfTeX warning: pdflatex.exe (file ./data/lacamentos-def-criterios/lancamento03
/trajectory.pdf): PDF inclusion: multiple pdfs with page group included in a si
ngle page
>]

LaTeX Warning: Text page 28 contains only floats.


Overfull \vbox (2.5516pt too high) has occurred while \output is active []


[28 <./data/lacamentos-def-criterios/lancamento04/trajectory.pdf> <./data/lacam
entos-def-criterios/lancamento05/trajectory.pdf

pdfTeX warning: pdflatex.exe (file ./data/lacamentos-def-criterios/lancamento05
/trajectory.pdf): PDF inclusion: multiple pdfs with page group included in a si
ngle page
>] [29 <./data/lacamentos-def-criterios/lancamento06/trajectory.pdf> <./data/la
camentos-def-criterios/lancamento07/speedForLiftoffDetection30/trajectory.pdf

pdfTeX warning: pdflatex.exe (file ./data/lacamentos-def-criterios/lancamento07
/speedForLiftoffDetection30/trajectory.pdf): PDF inclusion: multiple pdfs with 
page group included in a single page
>] [30 <./data/lacamentos-def-criterios/lancamento07/speedForLiftoffDetection15
/trajectory.pdf> <./data/simulations-v1.5.5/sim01/fig.pdf

pdfTeX warning: pdflatex.exe (file ./data/simulations-v1.5.5/sim01/fig.pdf): PD
F inclusion: multiple pdfs with page group included in a single page
>] [31 <./data/simulations-v1.5.5/sim02/fig.pdf> <./data/simulations-v1.5.5/sim
03/fig.pdf

pdfTeX warning: pdflatex.exe (file ./data/simulations-v1.5.5/sim03/fig.pdf): PD
F inclusion: multiple pdfs with page group included in a single page
>] [32 <./data/simulations-v1.5.5/sim04/fig.pdf> <./data/simulations-v1.5.5/sim
05/fig.pdf

pdfTeX warning: pdflatex.exe (file ./data/simulations-v1.5.5/sim05/fig.pdf): PD
F inclusion: multiple pdfs with page group included in a single page
>] [33 <./data/simulations-v1.5.5/sim06/fig.pdf> <./data/simulations-v1.5.5/sim
07/fig.pdf

pdfTeX warning: pdflatex.exe (file ./data/simulations-v1.5.5/sim07/fig.pdf): PD
F inclusion: multiple pdfs with page group included in a single page
>] [34 <./data/simulations-v1.5.5/sim08/fig.pdf> <./data/simulations-v1.5.5/sim
09/fig.pdf

pdfTeX warning: pdflatex.exe (file ./data/simulations-v1.5.5/sim09/fig.pdf): PD
F inclusion: multiple pdfs with page group included in a single page
>] [35 <./data/exp-v1.5.5/exp01/fig.pdf> <./data/exp-v1.5.5/exp02/fig.pdf

pdfTeX warning: pdflatex.exe (file ./data/exp-v1.5.5/exp02/fig.pdf): PDF inclus
ion: multiple pdfs with page group included in a single page
>] [36 <./data/exp-v1.5.5/exp03/fig.pdf> <./data/exp-v1.5.5/exp04/fig.pdf

pdfTeX warning: pdflatex.exe (file ./data/exp-v1.5.5/exp04/fig.pdf): PDF inclus
ion: multiple pdfs with page group included in a single page
>] [37 <./data/exp-v1.5.5/exp05/fig.pdf> <./data/exp-v1.5.5/exp06/fig.pdf

pdfTeX warning: pdflatex.exe (file ./data/exp-v1.5.5/exp06/fig.pdf): PDF inclus
ion: multiple pdfs with page group included in a single page
>] [38 <./data/exp-v1.5.5/exp07/fig.pdf>] (doc.aux)
Package rerunfilecheck Info: File `doc.out' has not changed.
(rerunfilecheck)             Checksum: 5468040452AF8C87AE9774BF5AF22C73;2209.
 ) 
Here is how much of TeX's memory you used:
 13306 strings out of 475385
 227474 string characters out of 2776906
 571558 words of memory out of 3000000
 34306 multiletter control sequences out of 15000+600000
 491348 words of font info for 84 fonts, out of 8000000 for 9000
 1141 hyphenation exceptions out of 8191
 72i,14n,77p,1915b,562s stack positions out of 10000i,1000n,20000p,200000b,80000s
 <C:\Users\glber\AppData\Local\MiKTeX\fonts/pk/ljfour/jknappen/ec/dpi600\ecti
1095.pk> <C:\Users\glber\AppData\Local\MiKTeX\fonts/pk/ljfour/jknappen/ec/dpi60
0\ectt1000.pk> <C:\Users\glber\AppData\Local\MiKTeX\fonts/pk/ljfour/jknappen/ec
/dpi600\ecrm0700.pk> <C:\Users\glber\AppData\Local\MiKTeX\fonts/pk/ljfour/jknap
pen/ec/dpi600\ecbi1200.pk> <C:\Users\glber\AppData\Local\MiKTeX\fonts/pk/ljfour
/jknappen/ec/dpi600\ecbi1728.pk> <C:\Users\glber\AppData\Local\MiKTeX\fonts/pk/
ljfour/jknappen/ec/dpi600\ecrm0800.pk> <C:\Users\glber\AppData\Local\MiKTeX\fon
ts/pk/ljfour/jknappen/ec/dpi600\ecbx1200.pk> <C:\Users\glber\AppData\Local\MiKT
eX\fonts/pk/ljfour/jknappen/ec/dpi600\ecrm1095.pk> <C:\Users\glber\AppData\Loca
l\MiKTeX\fonts/pk/ljfour/jknappen/ec/dpi600\ecbx1440.pk> <C:\Users\glber\AppDat
a\Local\MiKTeX\fonts/pk/ljfour/jknappen/ec/dpi600\ecti1200.pk> <C:\Users\glber\
AppData\Local\MiKTeX\fonts/pk/ljfour/jknappen/ec/dpi600\tcrm1200.pk> <C:\Users\
glber\AppData\Local\MiKTeX\fonts/pk/ljfour/jknappen/ec/dpi600\ecrm1200.pk> <C:\
Users\glber\AppData\Local\MiKTeX\fonts/pk/ljfour/jknappen/ec/dpi600\ecbx1728.pk
> <C:\Users\glber\AppData\Local\MiKTeX\fonts/pk/ljfour/jknappen/ec/dpi600\ecrm1
440.pk> <C:\Users\glber\AppData\Local\MiKTeX\fonts/pk/ljfour/jknappen/ec/dpi600
\ecrm2074.pk><C:/Users/glber/AppData/Local/Programs/MiKTeX/fonts/type1/public/a
msfonts/cm/cmex10.pfb><C:/Users/glber/AppData/Local/Programs/MiKTeX/fonts/type1
/public/amsfonts/cm/cmmi10.pfb><C:/Users/glber/AppData/Local/Programs/MiKTeX/fo
nts/type1/public/amsfonts/cm/cmmi12.pfb><C:/Users/glber/AppData/Local/Programs/
MiKTeX/fonts/type1/public/amsfonts/cm/cmmi6.pfb><C:/Users/glber/AppData/Local/P
rograms/MiKTeX/fonts/type1/public/amsfonts/cm/cmmi8.pfb><C:/Users/glber/AppData
/Local/Programs/MiKTeX/fonts/type1/public/amsfonts/cm/cmr10.pfb><C:/Users/glber
/AppData/Local/Programs/MiKTeX/fonts/type1/public/amsfonts/cm/cmr12.pfb><C:/Use
rs/glber/AppData/Local/Programs/MiKTeX/fonts/type1/public/amsfonts/cm/cmr8.pfb>
<C:/Users/glber/AppData/Local/Programs/MiKTeX/fonts/type1/public/amsfonts/cm/cm
sy10.pfb><C:/Users/glber/AppData/Local/Programs/MiKTeX/fonts/type1/public/amsfo
nts/cm/cmsy8.pfb>
Output written on doc.pdf (38 pages, 9459746 bytes).
PDF statistics:
 1305 PDF objects out of 1440 (max. 8388607)
 152 named destinations out of 1000 (max. 500000)
 353 words of extra memory for PDF output out of 10000 (max. 10000000)

